0 verbose cli C:\Program Files\nodejs\node.exe C:\Users\almon\AppData\Roaming\npm\node_modules\npm\bin\npm-cli.js
1 info using npm@9.8.0
2 info using node@v18.16.1
3 timing npm:load:whichnode Completed in 3ms
4 timing config:load:defaults Completed in 2ms
5 timing config:load:file:C:\Users\almon\AppData\Roaming\npm\node_modules\npm\npmrc Completed in 4ms
6 timing config:load:builtin Completed in 4ms
7 timing config:load:cli Completed in 2ms
8 timing config:load:env Completed in 0ms
9 timing config:load:file:G:\firebase\test\functions\.npmrc Completed in 1ms
10 timing config:load:project Completed in 2ms
11 timing config:load:file:C:\Users\almon\.npmrc Completed in 0ms
12 timing config:load:user Completed in 0ms
13 timing config:load:file:C:\Users\almon\AppData\Roaming\npm\etc\npmrc Completed in 1ms
14 timing config:load:global Completed in 1ms
15 timing config:load:setEnvs Completed in 0ms
16 timing config:load Completed in 11ms
17 timing npm:load:configload Completed in 12ms
18 timing config:load:flatten Completed in 2ms
19 timing npm:load:mkdirpcache Completed in 1ms
20 timing npm:load:mkdirplogs Completed in 1ms
21 verbose title npm show firebase-functions
22 verbose argv "show" "firebase-functions" "--json" "true"
23 timing npm:load:setTitle Completed in 1ms
24 timing npm:load:display Completed in 0ms
25 verbose logfile logs-max:10 dir:C:\Users\almon\AppData\Local\npm-cache\_logs\2023-09-11T11_46_04_454Z-
26 verbose logfile C:\Users\almon\AppData\Local\npm-cache\_logs\2023-09-11T11_46_04_454Z-debug-0.log
27 timing npm:load:logFile Completed in 10ms
28 timing npm:load:timers Completed in 0ms
29 timing npm:load:configScope Completed in 0ms
30 timing npm:load Completed in 58ms
31 silly logfile start cleaning logs, removing 2 files
32 silly logfile done cleaning log files
33 http fetch GET 200 https://registry.npmjs.org/firebase-functions 166ms (cache revalidated)
34 silly view {
34 silly view   '4.4.1': {
34 silly view     _id: 'firebase-functions@4.4.1',
34 silly view     _rev: '126-80b0b88de0d0b311c6df1d9204f96fa0',
34 silly view     name: 'firebase-functions',
34 silly view     description: 'Firebase SDK for Cloud Functions',
34 silly view     'dist-tags': { latest: '4.4.1' },
34 silly view     versions: [
34 silly view       '0.5.1',  '0.5.2',  '0.5.3',  '0.5.4',  '0.5.5',
34 silly view       '0.5.6',  '0.5.7',  '0.5.8',  '0.5.9',  '0.6.0',
34 silly view       '0.6.1',  '0.6.2',  '0.6.3',  '0.7.0',  '0.7.1',
34 silly view       '0.7.2',  '0.7.3',  '0.7.4',  '0.7.5',  '0.8.0',
34 silly view       '0.8.1',  '0.8.2',  '0.9.0',  '0.9.1',  '1.0.0',
34 silly view       '1.0.1',  '1.0.2',  '1.0.3',  '1.0.4',  '1.1.0',
34 silly view       '2.0.0',  '2.0.1',  '2.0.2',  '2.0.3',  '2.0.4',
34 silly view       '2.0.5',  '2.1.0',  '2.2.0',  '2.2.1',  '2.3.0',
34 silly view       '2.3.1',  '3.0.0',  '3.0.1',  '3.0.2',  '3.1.0',
34 silly view       '3.2.0',  '3.3.0',  '3.4.0',  '3.5.0',  '3.6.0',
34 silly view       '3.6.1',  '3.6.2',  '3.7.0',  '3.8.0',  '3.9.0',
34 silly view       '3.9.1',  '3.10.0', '3.11.0', '3.12.0', '3.13.0',
34 silly view       '3.13.1', '3.13.2', '3.13.3', '3.14.0', '3.14.1',
34 silly view       '3.15.0', '3.15.1', '3.15.2', '3.15.3', '3.15.4',
34 silly view       '3.15.5', '3.15.6', '3.15.7', '3.16.0', '3.17.0',
34 silly view       '3.17.1', '3.17.2', '3.18.0', '3.18.1', '3.19.0',
34 silly view       '3.20.0', '3.20.1', '3.21.0', '3.21.1', '3.21.2',
34 silly view       '3.22.0', '3.23.0', '3.24.0', '3.24.1', '4.0.0-rc.0',
34 silly view       '4.0.0',  '4.0.1',  '4.0.2',  '4.1.0',  '4.1.1',
34 silly view       '4.2.0',  '4.2.1',  '4.3.0',  '4.3.1',  '4.4.0',
34 silly view       ... 1 more item
34 silly view     ],
34 silly view     maintainers: [ [Object], [Object], [Object], [Object] ],
34 silly view     time: {
34 silly view       modified: '2023-06-12T20:49:15.759Z',
34 silly view       created: '2017-03-09T16:08:37.287Z',
34 silly view       '0.5.1': '2017-03-09T16:08:37.287Z',
34 silly view       '0.5.2': '2017-03-09T16:20:12.425Z',
34 silly view       '0.5.3': '2017-03-23T21:46:27.973Z',
34 silly view       '0.5.4': '2017-03-30T18:02:48.816Z',
34 silly view       '0.5.5': '2017-04-12T19:02:45.158Z',
34 silly view       '0.5.6': '2017-05-04T23:58:32.042Z',
34 silly view       '0.5.7': '2017-05-11T20:57:37.532Z',
34 silly view       '0.5.8': '2017-06-29T18:39:17.688Z',
34 silly view       '0.5.9': '2017-07-07T18:20:23.609Z',
34 silly view       '0.6.0': '2017-07-19T17:40:37.257Z',
34 silly view       '0.6.1': '2017-07-26T18:46:31.025Z',
34 silly view       '0.6.2': '2017-08-17T17:04:02.852Z',
34 silly view       '0.6.3': '2017-08-30T00:36:05.724Z',
34 silly view       '0.7.0': '2017-10-03T16:54:40.011Z',
34 silly view       '0.7.1': '2017-10-10T21:44:15.186Z',
34 silly view       '0.7.2': '2017-10-31T08:18:25.492Z',
34 silly view       '0.7.3': '2017-11-10T18:50:39.791Z',
34 silly view       '0.7.4': '2017-12-18T19:22:02.131Z',
34 silly view       '0.7.5': '2017-12-20T01:13:01.955Z',
34 silly view       '0.8.0': '2018-01-03T22:19:37.689Z',
34 silly view       '0.8.1': '2018-01-17T22:22:02.396Z',
34 silly view       '0.8.2': '2018-03-13T21:07:57.192Z',
34 silly view       '0.9.0': '2018-03-20T16:36:19.787Z',
34 silly view       '0.9.1': '2018-03-22T00:17:52.355Z',
34 silly view       '1.0.0': '2018-04-03T15:45:43.885Z',
34 silly view       '1.0.1': '2018-04-06T18:31:33.335Z',
34 silly view       '1.0.2': '2018-04-24T21:27:13.432Z',
34 silly view       '1.0.3': '2018-05-21T20:51:26.996Z',
34 silly view       '1.0.4': '2018-06-05T02:06:41.874Z',
34 silly view       '1.1.0': '2018-06-20T18:52:23.137Z',
34 silly view       '2.0.0': '2018-07-24T16:08:31.939Z',
34 silly view       '2.0.1': '2018-07-25T22:49:47.274Z',
34 silly view       '2.0.2': '2018-07-26T21:44:05.382Z',
34 silly view       '2.0.3': '2018-08-09T20:38:42.994Z',
34 silly view       '2.0.4': '2018-08-09T23:51:48.631Z',
34 silly view       '2.0.5': '2018-08-14T21:07:32.786Z',
34 silly view       '2.1.0': '2018-10-25T17:22:49.420Z',
34 silly view       '2.2.0': '2019-01-31T22:22:41.225Z',
34 silly view       '2.2.1': '2019-03-20T20:44:23.148Z',
34 silly view       '2.3.0': '2019-04-18T22:47:04.939Z',
34 silly view       '2.3.1': '2019-05-09T18:19:32.448Z',
34 silly view       '3.0.0': '2019-06-12T22:30:47.885Z',
34 silly view       '3.0.1': '2019-06-12T23:35:03.274Z',
34 silly view       '3.0.2': '2019-06-25T23:38:54.271Z',
34 silly view       '3.1.0': '2019-07-08T22:36:11.178Z',
34 silly view       '3.2.0': '2019-07-24T20:39:30.043Z',
34 silly view       '3.3.0': '2019-10-10T21:58:24.587Z',
34 silly view       '3.4.0': '2020-03-19T18:10:18.577Z',
34 silly view       '3.5.0': '2020-03-20T18:18:23.148Z',
34 silly view       '3.6.0': '2020-03-31T23:02:58.852Z',
34 silly view       '3.6.1': '2020-04-24T17:29:34.664Z',
34 silly view       '3.6.2': '2020-05-28T17:28:58.761Z',
34 silly view       '3.7.0': '2020-06-09T23:18:40.906Z',
34 silly view       '3.8.0': '2020-07-14T00:00:45.956Z',
34 silly view       '3.9.0': '2020-07-31T23:21:02.615Z',
34 silly view       '3.9.1': '2020-08-12T19:58:55.707Z',
34 silly view       '3.10.0': '2020-08-20T16:00:03.592Z',
34 silly view       '3.11.0': '2020-08-21T16:10:11.041Z',
34 silly view       '3.12.0': '2020-11-30T21:54:35.403Z',
34 silly view       '3.13.0': '2020-12-07T23:48:51.386Z',
34 silly view       '3.13.1': '2021-01-15T18:47:20.330Z',
34 silly view       '3.13.2': '2021-02-22T18:01:38.852Z',
34 silly view       '3.14.0': '2021-05-12T20:09:23.545Z',
34 silly view       '3.13.3': '2021-05-17T20:35:13.132Z',
34 silly view       '3.14.1': '2021-05-17T21:12:45.754Z',
34 silly view       '3.15.0': '2021-08-11T22:09:52.897Z',
34 silly view       '3.15.1': '2021-08-11T23:59:47.645Z',
34 silly view       '3.15.2': '2021-08-12T19:54:55.072Z',
34 silly view       '3.15.3': '2021-08-13T19:03:22.896Z',
34 silly view       '3.15.4': '2021-08-16T21:56:58.857Z',
34 silly view       '3.15.5': '2021-09-01T20:35:39.157Z',
34 silly view       '3.15.6': '2021-09-15T19:31:13.399Z',
34 silly view       '3.15.7': '2021-09-20T18:37:47.733Z',
34 silly view       '3.16.0': '2021-10-28T20:27:50.410Z',
34 silly view       '3.17.0': '2022-02-03T22:30:15.966Z',
34 silly view       '3.17.1': '2022-02-04T15:50:28.464Z',
34 silly view       '3.17.2': '2022-02-07T18:47:39.846Z',
34 silly view       '3.18.0': '2022-02-11T00:22:08.386Z',
34 silly view       '3.18.1': '2022-02-18T18:23:18.603Z',
34 silly view       '3.19.0': '2022-03-16T18:16:11.552Z',
34 silly view       '3.20.0': '2022-04-04T20:57:45.871Z',
34 silly view       '3.20.1': '2022-04-14T17:56:54.479Z',
34 silly view       '3.21.0': '2022-05-05T20:01:38.391Z',
34 silly view       '3.21.1': '2022-05-11T21:39:23.420Z',
34 silly view       '3.21.2': '2022-05-17T18:40:05.753Z',
34 silly view       '3.22.0': '2022-06-29T18:49:18.796Z',
34 silly view       '3.23.0': '2022-08-31T20:33:28.459Z',
34 silly view       '3.24.0': '2022-09-21T18:58:33.291Z',
34 silly view       '3.24.1': '2022-09-30T18:02:02.159Z',
34 silly view       '4.0.0-rc.0': '2022-10-14T16:02:21.121Z',
34 silly view       '4.0.0': '2022-10-17T14:54:09.822Z',
34 silly view       '4.0.1': '2022-10-18T13:24:06.643Z',
34 silly view       '4.0.2': '2022-11-01T20:20:09.915Z',
34 silly view       '4.1.0': '2022-11-17T17:05:28.312Z',
34 silly view       '4.1.1': '2022-12-12T21:01:57.188Z',
34 silly view       '4.2.0': '2023-01-19T22:56:50.671Z',
34 silly view       '4.2.1': '2023-02-02T19:33:27.738Z',
34 silly view       '4.3.0': '2023-04-13T21:15:47.007Z',
34 silly view       '4.3.1': '2023-04-20T14:11:14.020Z',
34 silly view       '4.4.0': '2023-05-08T19:19:00.381Z',
34 silly view       '4.4.1': '2023-06-12T20:49:15.582Z'
34 silly view     },
34 silly view     homepage: 'https://github.com/firebase/firebase-functions#readme',
34 silly view     keywords: [ 'firebase', 'functions', 'google', 'cloud' ],
34 silly view     repository: {
34 silly view       type: 'git',
34 silly view       url: 'git+https://github.com/firebase/firebase-functions.git'
34 silly view     },
34 silly view     author: { name: 'Firebase Team' },
34 silly view     bugs: { url: 'https://github.com/firebase/firebase-functions/issues' },
34 silly view     license: 'MIT',
34 silly view     readmeFilename: 'README.md',
34 silly view     users: {
34 silly view       theyssen: true,
34 silly view       dillonace: true,
34 silly view       geofftech: true,
34 silly view       bitsdex: true,
34 silly view       nicomee: true,
34 silly view       drveresh: true
34 silly view     },
34 silly view     _contentLength: 499987,
34 silly view     version: '4.4.1',
34 silly view     main: 'lib/v1/index.js',
34 silly view     bin: { 'firebase-functions': 'lib/bin/firebase-functions.js' },
34 silly view     types: 'lib/v1/index.d.ts',
34 silly view     exports: {
34 silly view       '.': './lib/v1/index.js',
34 silly view       './logger/compat': './lib/logger/compat.js',
34 silly view       './logger': './lib/logger/index.js',
34 silly view       './params': './lib/params/index.js',
34 silly view       './v1': './lib/v1/index.js',
34 silly view       './v1/analytics': './lib/v1/providers/analytics.js',
34 silly view       './v1/auth': './lib/v1/providers/auth.js',
34 silly view       './v1/database': './lib/v1/providers/database.js',
34 silly view       './v1/firestore': './lib/v1/providers/firestore.js',
34 silly view       './v1/https': './lib/v1/providers/https.js',
34 silly view       './v1/pubsub': './lib/v1/providers/pubsub.js',
34 silly view       './v1/remoteConfig': './lib/v1/providers/remoteConfig.js',
34 silly view       './v1/storage': './lib/v1/providers/storage.js',
34 silly view       './v1/tasks': './lib/v1/providers/tasks.js',
34 silly view       './v1/testLab': './lib/v1/providers/testLab.js',
34 silly view       './v2': './lib/v2/index.js',
34 silly view       './v2/core': './lib/v2/core.js',
34 silly view       './v2/options': './lib/v2/options.js',
34 silly view       './v2/https': './lib/v2/providers/https.js',
34 silly view       './v2/pubsub': './lib/v2/providers/pubsub.js',
34 silly view       './v2/storage': './lib/v2/providers/storage.js',
34 silly view       './v2/tasks': './lib/v2/providers/tasks.js',
34 silly view       './v2/alerts': './lib/v2/providers/alerts/index.js',
34 silly view       './v2/alerts/appDistribution': './lib/v2/providers/alerts/appDistribution.js',
34 silly view       './v2/alerts/billing': './lib/v2/providers/alerts/billing.js',
34 silly view       './v2/alerts/crashlytics': './lib/v2/providers/alerts/crashlytics.js',
34 silly view       './v2/alerts/performance': './lib/v2/providers/alerts/performance.js',
34 silly view       './v2/eventarc': './lib/v2/providers/eventarc.js',
34 silly view       './v2/identity': './lib/v2/providers/identity.js',
34 silly view       './v2/database': './lib/v2/providers/database.js',
34 silly view       './v2/scheduler': './lib/v2/providers/scheduler.js',
34 silly view       './v2/remoteConfig': './lib/v2/providers/remoteConfig.js',
34 silly view       './v2/testLab': './lib/v2/providers/testLab.js',
34 silly view       './v2/firestore': './lib/v2/providers/firestore.js'
34 silly view     },
34 silly view     typesVersions: { '*': [Object] },
34 silly view     publishConfig: { registry: 'https://wombat-dressing-room.appspot.com' },
34 silly view     scripts: {
34 silly view       'docgen:v1:extract': 'api-extractor run -c docgen/api-extractor.v1.json --local',
34 silly view       'docgen:v1:toc': 'ts-node docgen/toc.ts --input docgen/v1 --output docgen/v1/markdown/toc --path /docs/reference/functions',
34 silly view       'docgen:v1:gen': 'api-documenter-fire markdown -i docgen/v1 -o docgen/v1/markdown --project functions && npm run docgen:v1:toc',
34 silly view       'docgen:v1': 'npm run build && npm run docgen:v1:extract && npm run docgen:v1:gen',
34 silly view       'docgen:v2:extract': 'api-extractor run -c docgen/api-extractor.v2.json --local',
34 silly view       'docgen:v2:toc': 'ts-node docgen/toc.ts --input docgen/v2 --output docgen/v2/markdown/toc --path /docs/reference/functions/2nd-gen/node',
34 silly view       'docgen:v2:gen': 'api-documenter-fire markdown -i docgen/v2 -o docgen/v2/markdown --project functions && npm run docgen:v2:toc',
34 silly view       'docgen:v2': 'npm run build && npm run docgen:v2:extract && npm run docgen:v2:gen',
34 silly view       'build:pack': 'rm -rf lib && npm install && tsc -p tsconfig.release.json && npm pack',
34 silly view       'build:release': 'npm ci --production && npm install --no-save typescript firebase-admin && tsc -p tsconfig.release.json',
34 silly view       build: 'tsc -p tsconfig.release.json',
34 silly view       'build:watch': 'npm run build -- -w',
34 silly view       format: 'npm run format:ts && npm run format:other',
34 silly view       'format:other': 'npm run lint:other -- --write',
34 silly view       'format:ts': 'npm run lint:ts -- --fix --quiet',
34 silly view       lint: 'npm run lint:ts && npm run lint:other',
34 silly view       'lint:other': "prettier --check '**/*.{md,yaml,yml}'",
34 silly view       'lint:quiet': 'npm run lint:ts -- --quiet && npm run lint:other',
34 silly view       'lint:ts': 'eslint --config .eslintrc.js --ext .ts,.js .',
34 silly view       test: 'mocha --file ./mocha/setup.ts "spec/**/*.spec.ts"',
34 silly view       'test:bin': './scripts/bin-test/run.sh',
34 silly view       'test:postmerge': './integration_test/run_tests.sh'
34 silly view     },
34 silly view     dependencies: {
34 silly view       '@types/cors': '^2.8.5',
34 silly view       '@types/express': '4.17.3',
34 silly view       cors: '^2.8.5',
34 silly view       express: '^4.17.1',
34 silly view       'node-fetch': '^2.6.7',
34 silly view       protobufjs: '^7.2.2'
34 silly view     },
34 silly view     devDependencies: {
34 silly view       '@firebase/api-documenter': '^0.2.0',
34 silly view       '@microsoft/api-documenter': '^7.13.45',
34 silly view       '@microsoft/api-extractor': '^7.18.7',
34 silly view       '@types/chai': '^4.1.7',
34 silly view       '@types/chai-as-promised': '^7.1.0',
34 silly view       '@types/jsonwebtoken': '^9.0.0',
34 silly view       '@types/mocha': '^5.2.7',
34 silly view       '@types/mock-require': '^2.0.0',
34 silly view       '@types/nock': '^10.0.3',
34 silly view       '@types/node': '^14.18.24',
34 silly view       '@types/node-fetch': '^3.0.3',
34 silly view       '@types/sinon': '^7.0.13',
34 silly view       '@typescript-eslint/eslint-plugin': '^5.33.1',
34 silly view       '@typescript-eslint/parser': '^5.33.1',
34 silly view       'api-extractor-model-me': '^0.1.1',
34 silly view       chai: '^4.2.0',
34 silly view       'chai-as-promised': '^7.1.1',
34 silly view       'child-process-promise': '^2.2.1',
34 silly view       eslint: '^8.6.0',
34 silly view       'eslint-config-google': '^0.14.0',
34 silly view       'eslint-config-prettier': '^8.3.0',
34 silly view       'eslint-plugin-jsdoc': '^39.2.9',
34 silly view       'eslint-plugin-prettier': '^4.0.0',
34 silly view       'firebase-admin': '^11.8.0',
34 silly view       'js-yaml': '^3.13.1',
34 silly view       jsdom: '^16.2.1',
34 silly view       jsonwebtoken: '^9.0.0',
34 silly view       'jwk-to-pem': '^2.0.5',
34 silly view       mocha: '^10.2.0',
34 silly view       'mock-require': '^3.0.3',
34 silly view       mz: '^2.7.0',
34 silly view       nock: '^13.2.9',
34 silly view       'node-fetch': '^2.6.7',
34 silly view       portfinder: '^1.0.28',
34 silly view       prettier: '^2.7.1',
34 silly view       'protobufjs-cli': '^1.1.1',
34 silly view       semver: '^7.3.5',
34 silly view       sinon: '^7.3.2',
34 silly view       'ts-node': '^10.4.0',
34 silly view       typescript: '^4.3.5',
34 silly view       yargs: '^15.3.1'
34 silly view     },
34 silly view     peerDependencies: { 'firebase-admin': '^10.0.0 || ^11.0.0' },
34 silly view     engines: { node: '>=14.10.0' },
34 silly view     gitHead: 'e511ccbe38ba273fe2d95e568912052a047a7329',
34 silly view     _nodeVersion: '14.16.1',
34 silly view     _npmVersion: '7.12.1',
34 silly view     dist: {
34 silly view       integrity: 'sha512-3no53Lg12ToNlPSgLZtAFLQAz6si7ilHvzO8NC3/2EybyUwegpj5YhHwNiCw839lmAWp3znjATJDTvADFiZMrg==',
34 silly view       shasum: '209fa3a157476722382e71782fe3375b78a529ff',
34 silly view       tarball: 'https://registry.npmjs.org/firebase-functions/-/firebase-functions-4.4.1.tgz',
34 silly view       fileCount: 131,
34 silly view       unpackedSize: 855137,
34 silly view       signatures: [Array]
34 silly view     },
34 silly view     _npmUser: { name: 'google-wombot', email: 'node-team-npm+wombot@google.com' },
34 silly view     directories: {},
34 silly view     _npmOperationalInternal: {
34 silly view       host: 's3://npm-registry-packages',
34 silly view       tmp: 'tmp/firebase-functions_4.4.1_1686602955355_0.31205410767633457'
34 silly view     },
34 silly view     _hasShrinkwrap: false
34 silly view   }
34 silly view }
35 timing command:show Completed in 181ms
36 verbose exit 0
37 timing npm Completed in 380ms
38 info ok
